0 info it worked if it ends with ok
1 verbose cli [ 'C:\\Program Files\\nodejs\\node.exe',
1 verbose cli   'C:\\Program Files\\nodejs\\node_modules\\npm\\bin\\npm-cli.js',
1 verbose cli   'run',
1 verbose cli   'dev' ]
2 info using npm@4.1.2
3 info using node@v7.7.3
4 verbose run-script [ 'predev', 'dev', 'postdev' ]
5 info lifecycle my-project@1.0.0~predev: my-project@1.0.0
6 silly lifecycle my-project@1.0.0~predev: no script for predev, continuing
7 info lifecycle my-project@1.0.0~dev: my-project@1.0.0
8 verbose lifecycle my-project@1.0.0~dev: unsafe-perm in lifecycle true
9 verbose lifecycle my-project@1.0.0~dev: PATH: C:\Users\v_byyang\AppData\Roaming\nvm\v7.7.3\node_modules\npm\bin\node-gyp-bin;F:\Bus\MQ\web\node_modules\.bin;C:\Program Files\Java\jdk1.8.0_101\bin;C:\ProgramData\Oracle\Java\javapath;C:\Program Files (x86)\NVIDIA Corporation\PhysX\Common;C:\Windows\system32;C:\Windows;C:\Windows\System32\Wbem;C:\Windows\System32\WindowsPowerShell\v1.0\;C:\Program Files (x86)\Intel\OpenCL SDK\3.0\bin\x86;C:\Program Files (x86)\Intel\OpenCL SDK\3.0\bin\x64;C:\Program Files (x86)\Microsoft SQL Server\100\Tools\Binn\;C:\Program Files\Microsoft SQL Server\100\Tools\Binn\;C:\Program Files\Microsoft SQL Server\100\DTS\Binn\;C:\Program Files (x86)\Microsoft SQL Server\100\Tools\Binn\VSShell\Common7\IDE\;C:\Program Files (x86)\Microsoft SQL Server\100\DTS\Binn\;C:\Program Files (x86)\Microsoft Visual Studio 9.0\Common7\IDE\PrivateAssemblies\;C:\Program Files\TortoiseSVN\bin;C:\Program Files\Microsoft SQL Server\110\Tools\Binn\;C:\Program Files\Microsoft SQL Server\120\Tools\Binn\;C:\Program Files (x86)\Microsoft SDKs\TypeScript\1.0\;C:\Windows\system32\config\systemprofile\.dnx\bin;C:\Program Files\Microsoft DNX\Dnvm\;C:\Program Files\Microsoft SQL Server\130\Tools\Binn\;C:\Users\v_byyang\AppData\Roaming\nvm;C:\Program Files\nodejs;C:\Go\bin;C:\Program Files\Git\cmd;C:\Program Files (x86)\Windows Kits\10\Windows Performance Toolkit\;C:\Program Files\dotnet\;C:\gopath\bin;F:\oa_hr_proj\golang\host;C:\Program Files\Java\jdk1.8.0_101\bin;e:\Program Files (x86)\Microsoft VS Code\bin;C:\Users\v_byyang\AppData\Roaming\nvm;C:\Program Files\nodejs;C:\Go\bin;C:\Program Files\Git\mingw64\libexec\git-core;C:\Go\bin;C:\gopath\bin;F:\oa_hr_proj\golang\host
10 verbose lifecycle my-project@1.0.0~dev: CWD: F:\Bus\MQ\web
11 silly lifecycle my-project@1.0.0~dev: Args: [ '/d /s /c', 'node build/dev-server.js' ]
12 silly lifecycle my-project@1.0.0~dev: Returned: code: 3221225786  signal: null
13 info lifecycle my-project@1.0.0~dev: Failed to exec dev script
14 verbose stack Error: my-project@1.0.0 dev: `node build/dev-server.js`
14 verbose stack Exit status 3221225786
14 verbose stack     at EventEmitter.<anonymous> (C:\Users\v_byyang\AppData\Roaming\nvm\v7.7.3\node_modules\npm\lib\utils\lifecycle.js:279:16)
14 verbose stack     at emitTwo (events.js:106:13)
14 verbose stack     at EventEmitter.emit (events.js:194:7)
14 verbose stack     at ChildProcess.<anonymous> (C:\Users\v_byyang\AppData\Roaming\nvm\v7.7.3\node_modules\npm\lib\utils\spawn.js:40:14)
14 verbose stack     at emitTwo (events.js:106:13)
14 verbose stack     at ChildProcess.emit (events.js:194:7)
14 verbose stack     at maybeClose (internal/child_process.js:899:16)
14 verbose stack     at Process.ChildProcess._handle.onexit (internal/child_process.js:226:5)
15 verbose pkgid my-project@1.0.0
16 verbose cwd F:\Bus\MQ\web
17 error Windows_NT 6.1.7601
18 error argv "C:\\Program Files\\nodejs\\node.exe" "C:\\Program Files\\nodejs\\node_modules\\npm\\bin\\npm-cli.js" "run" "dev"
19 error node v7.7.3
20 error npm  v4.1.2
21 error code ELIFECYCLE
22 error my-project@1.0.0 dev: `node build/dev-server.js`
22 error Exit status 3221225786
23 error Failed at the my-project@1.0.0 dev script 'node build/dev-server.js'.
23 error Make sure you have the latest version of node.js and npm installed.
23 error If you do, this is most likely a problem with the my-project package,
23 error not with npm itself.
23 error Tell the author that this fails on your system:
23 error     node build/dev-server.js
23 error You can get information on how to open an issue for this project with:
23 error     npm bugs my-project
23 error Or if that isn't available, you can get their info via:
23 error     npm owner ls my-project
23 error There is likely additional logging output above.
24 verbose exit [ 1, true ]
